<?xml version="1.0" encoding="UTF-8"?>
<testsuite xmlns:xsi="http://www.w3.org/2001/XMLSchema-instance" xsi:noNamespaceSchemaLocation="https://maven.apache.org/surefire/maven-surefire-plugin/xsd/surefire-test-report.xsd" version="3.0.2" name="com.github.account.HelloServiceTests" time="0.629" tests="1" errors="0" skipped="0" failures="0">
  <properties>
[...]
</properties>
  <testcase name="shouldReturnHelloWorld" classname="com.github.account.HelloServiceTests" time="0.313">
    <system-out><![CDATA[18:17:36.592 [main] INFO org.springframework.test.context.support.AnnotationConfigContextLoaderUtils -- Could not detect default configuration classes for test class [com.github.account.HelloServiceTests]: HelloServiceTests does not declare any static, non-private, non-final, nested classes annotated with @Configuration.
18:17:36.624 [main] INFO org.springframework.boot.test.context.SpringBootTestContextBootstrapper -- Found @SpringBootConfiguration com.github.account.TestConfiguration for test class com.github.account.HelloServiceTests

  .   ____          _            __ _ _
 /\\ / ___'_ __ _ _(_)_ __  __ _ \ \ \ \
( ( )\___ | '_ | '_| | '_ \/ _` | \ \ \ \
 \\/  ___)| |_)| | | | | || (_| |  ) ) ) )
  '  |____| .__|_| |_|_| |_\__, | / / / /
 =========|_|==============|___/=/_/_/_/

 :: Spring Boot ::                (v3.5.7)

2025-10-25T18:17:36.730-03:00  INFO 40021 --- [           main] com.github.account.HelloServiceTests     : Starting HelloServiceTests using Java 21.0.8 with PID 40021 (started by lucasrodriguessantos in /Users/lucasrodriguessantos/Documents/workspace/estudos/arquitetura-monolitica-modular/libs/account)
2025-10-25T18:17:36.730-03:00  INFO 40021 --- [           main] com.github.account.HelloServiceTests     : No active profile set, falling back to 1 default profile: "default"
2025-10-25T18:17:36.863-03:00  INFO 40021 --- [           main] com.github.account.HelloServiceTests     : Started HelloServiceTests in 0.205 seconds (process running for 0.485)
]]></system-out>
    <system-err><![CDATA[Mockito is currently self-attaching to enable the inline-mock-maker. This will no longer work in future releases of the JDK. Please add Mockito as an agent to your build as described in Mockito's documentation: https://javadoc.io/doc/org.mockito/mockito-core/latest/org.mockito/org/mockito/Mockito.html#0.3
WARNING: A Java agent has been loaded dynamically (/Users/lucasrodriguessantos/.m2/repository/net/bytebuddy/byte-buddy-agent/1.17.8/byte-buddy-agent-1.17.8.jar)
WARNING: If a serviceability tool is in use, please run with -XX:+EnableDynamicAgentLoading to hide this warning
WARNING: If a serviceability tool is not in use, please run with -Djdk.instrument.traceUsage for more information
WARNING: Dynamic loading of agents will be disallowed by default in a future release
]]></system-err>
  </testcase>
</testsuite>